2025-02-28T17:07:23.880Z INFO  env="qa" service_name="springdemo-qa" thread="restartedMain" request_id="" request_url="" user_id="" product_id="" class="c.s.springdemo.SpringdemoApplication" Starting SpringdemoApplication v1.2 using Java 17.0.13 with PID 38820 (C:\Users\qyang\code\study\selflearning\springdemo\target\classes started by qyang in C:\Users\qyang\code\study\selflearning\springdemo) 
2025-02-28T17:07:23.880Z DEBUG env="qa" service_name="springdemo-qa" thread="restartedMain" request_id="" request_url="" user_id="" product_id="" class="c.s.springdemo.SpringdemoApplication" Running with Spring Boot v3.4.3, Spring v6.2.3 
2025-02-28T17:07:23.880Z INFO  env="qa" service_name="springdemo-qa" thread="restartedMain" request_id="" request_url="" user_id="" product_id="" class="c.s.springdemo.SpringdemoApplication" The following 1 profile is active: "qa" 
2025-02-28T17:07:24.513Z INFO  env="qa" service_name="springdemo-qa" thread="restartedMain" request_id="" request_url="" user_id="" product_id="" class="c.s.springdemo.SpringdemoApplication" Started SpringdemoApplication in 0.659 seconds (process running for 1704.704) 
2025-02-28T17:07:28.176Z DEBUG env="qa" service_name="springdemo-qa" thread="http-nio-8080-exec-1" request_id="" request_url="" user_id="" product_id="" class="c.s.s.store.controller.JPACustomerController" ===Debug message 
2025-02-28T17:07:28.176Z INFO  env="qa" service_name="springdemo-qa" thread="http-nio-8080-exec-1" request_id="" request_url="" user_id="" product_id="" class="c.s.s.store.controller.JPACustomerController" ===Info message 
2025-02-28T17:07:28.176Z WARN  env="qa" service_name="springdemo-qa" thread="http-nio-8080-exec-1" request_id="" request_url="" user_id="" product_id="" class="c.s.s.store.controller.JPACustomerController" ===Warning message 
2025-02-28T17:07:28.176Z ERROR env="qa" service_name="springdemo-qa" thread="http-nio-8080-exec-1" request_id="" request_url="" user_id="" product_id="" class="c.s.s.store.controller.JPACustomerController" ===Error message 
2025-02-28T17:07:28.641Z DEBUG env="qa" service_name="springdemo-qa" thread="http-nio-8080-exec-2" request_id="" request_url="" user_id="" product_id="" class="c.s.s.store.controller.JPACustomerController" ===Debug message 
2025-02-28T17:07:28.641Z INFO  env="qa" service_name="springdemo-qa" thread="http-nio-8080-exec-2" request_id="" request_url="" user_id="" product_id="" class="c.s.s.store.controller.JPACustomerController" ===Info message 
2025-02-28T17:07:28.641Z WARN  env="qa" service_name="springdemo-qa" thread="http-nio-8080-exec-2" request_id="" request_url="" user_id="" product_id="" class="c.s.s.store.controller.JPACustomerController" ===Warning message 
2025-02-28T17:07:28.641Z ERROR env="qa" service_name="springdemo-qa" thread="http-nio-8080-exec-2" request_id="" request_url="" user_id="" product_id="" class="c.s.s.store.controller.JPACustomerController" ===Error message 
2025-02-28T17:07:28.836Z DEBUG env="qa" service_name="springdemo-qa" thread="http-nio-8080-exec-3" request_id="" request_url="" user_id="" product_id="" class="c.s.s.store.controller.JPACustomerController" ===Debug message 
2025-02-28T17:07:28.836Z INFO  env="qa" service_name="springdemo-qa" thread="http-nio-8080-exec-3" request_id="" request_url="" user_id="" product_id="" class="c.s.s.store.controller.JPACustomerController" ===Info message 
2025-02-28T17:07:28.836Z WARN  env="qa" service_name="springdemo-qa" thread="http-nio-8080-exec-3" request_id="" request_url="" user_id="" product_id="" class="c.s.s.store.controller.JPACustomerController" ===Warning message 
2025-02-28T17:07:28.836Z ERROR env="qa" service_name="springdemo-qa" thread="http-nio-8080-exec-3" request_id="" request_url="" user_id="" product_id="" class="c.s.s.store.controller.JPACustomerController" ===Error message 
2025-02-28T17:07:29.022Z DEBUG env="qa" service_name="springdemo-qa" thread="http-nio-8080-exec-4" request_id="" request_url="" user_id="" product_id="" class="c.s.s.store.controller.JPACustomerController" ===Debug message 
2025-02-28T17:07:29.022Z INFO  env="qa" service_name="springdemo-qa" thread="http-nio-8080-exec-4" request_id="" request_url="" user_id="" product_id="" class="c.s.s.store.controller.JPACustomerController" ===Info message 
2025-02-28T17:07:29.022Z WARN  env="qa" service_name="springdemo-qa" thread="http-nio-8080-exec-4" request_id="" request_url="" user_id="" product_id="" class="c.s.s.store.controller.JPACustomerController" ===Warning message 
2025-02-28T17:07:29.022Z ERROR env="qa" service_name="springdemo-qa" thread="http-nio-8080-exec-4" request_id="" request_url="" user_id="" product_id="" class="c.s.s.store.controller.JPACustomerController" ===Error message 
2025-02-28T17:07:29.224Z DEBUG env="qa" service_name="springdemo-qa" thread="http-nio-8080-exec-5" request_id="" request_url="" user_id="" product_id="" class="c.s.s.store.controller.JPACustomerController" ===Debug message 
2025-02-28T17:07:29.224Z INFO  env="qa" service_name="springdemo-qa" thread="http-nio-8080-exec-5" request_id="" request_url="" user_id="" product_id="" class="c.s.s.store.controller.JPACustomerController" ===Info message 
2025-02-28T17:07:29.224Z WARN  env="qa" service_name="springdemo-qa" thread="http-nio-8080-exec-5" request_id="" request_url="" user_id="" product_id="" class="c.s.s.store.controller.JPACustomerController" ===Warning message 
2025-02-28T17:07:29.224Z ERROR env="qa" service_name="springdemo-qa" thread="http-nio-8080-exec-5" request_id="" request_url="" user_id="" product_id="" class="c.s.s.store.controller.JPACustomerController" ===Error message 
2025-02-28T17:07:29.443Z DEBUG env="qa" service_name="springdemo-qa" thread="http-nio-8080-exec-6" request_id="" request_url="" user_id="" product_id="" class="c.s.s.store.controller.JPACustomerController" ===Debug message 
2025-02-28T17:07:29.443Z INFO  env="qa" service_name="springdemo-qa" thread="http-nio-8080-exec-6" request_id="" request_url="" user_id="" product_id="" class="c.s.s.store.controller.JPACustomerController" ===Info message 
2025-02-28T17:07:29.443Z WARN  env="qa" service_name="springdemo-qa" thread="http-nio-8080-exec-6" request_id="" request_url="" user_id="" product_id="" class="c.s.s.store.controller.JPACustomerController" ===Warning message 
2025-02-28T17:07:29.443Z ERROR env="qa" service_name="springdemo-qa" thread="http-nio-8080-exec-6" request_id="" request_url="" user_id="" product_id="" class="c.s.s.store.controller.JPACustomerController" ===Error message 
2025-02-28T17:15:54.296Z INFO  env="qa" service_name="springdemo-qa" thread="restartedMain" request_id="" request_url="" user_id="" product_id="" class="c.s.springdemo.SpringdemoApplication" Starting SpringdemoApplication v1.2 using Java 17.0.13 with PID 38820 (C:\Users\qyang\code\study\selflearning\springdemo\target\classes started by qyang in C:\Users\qyang\code\study\selflearning\springdemo) 
2025-02-28T17:15:54.296Z DEBUG env="qa" service_name="springdemo-qa" thread="restartedMain" request_id="" request_url="" user_id="" product_id="" class="c.s.springdemo.SpringdemoApplication" Running with Spring Boot v3.4.3, Spring v6.2.3 
2025-02-28T17:15:54.296Z INFO  env="qa" service_name="springdemo-qa" thread="restartedMain" request_id="" request_url="" user_id="" product_id="" class="c.s.springdemo.SpringdemoApplication" The following 1 profile is active: "qa" 
2025-02-28T17:15:54.818Z INFO  env="qa" service_name="springdemo-qa" thread="restartedMain" request_id="" request_url="" user_id="" product_id="" class="c.s.springdemo.SpringdemoApplication" Started SpringdemoApplication in 0.547 seconds (process running for 2215.01) 
2025-02-28T17:16:31.494Z INFO  env="qa" service_name="springdemo-qa" thread="restartedMain" request_id="" request_url="" user_id="" product_id="" class="c.s.springdemo.SpringdemoApplication" Starting SpringdemoApplication v1.2 using Java 17.0.13 with PID 38820 (C:\Users\qyang\code\study\selflearning\springdemo\target\classes started by qyang in C:\Users\qyang\code\study\selflearning\springdemo) 
2025-02-28T17:16:31.494Z DEBUG env="qa" service_name="springdemo-qa" thread="restartedMain" request_id="" request_url="" user_id="" product_id="" class="c.s.springdemo.SpringdemoApplication" Running with Spring Boot v3.4.3, Spring v6.2.3 
2025-02-28T17:16:31.494Z INFO  env="qa" service_name="springdemo-qa" thread="restartedMain" request_id="" request_url="" user_id="" product_id="" class="c.s.springdemo.SpringdemoApplication" The following 1 profile is active: "qa" 
2025-02-28T17:16:31.955Z INFO  env="qa" service_name="springdemo-qa" thread="restartedMain" request_id="" request_url="" user_id="" product_id="" class="c.s.springdemo.SpringdemoApplication" Started SpringdemoApplication in 0.483 seconds (process running for 2252.147) 
2025-02-28T17:19:55.794Z INFO  env="qa" service_name="springdemo-qa" thread="restartedMain" request_id="" request_url="" user_id="" product_id="" class="c.s.springdemo.SpringdemoApplication" Starting SpringdemoApplication v1.2 using Java 17.0.13 with PID 38820 (C:\Users\qyang\code\study\selflearning\springdemo\target\classes started by qyang in C:\Users\qyang\code\study\selflearning\springdemo) 
2025-02-28T17:19:55.794Z DEBUG env="qa" service_name="springdemo-qa" thread="restartedMain" request_id="" request_url="" user_id="" product_id="" class="c.s.springdemo.SpringdemoApplication" Running with Spring Boot v3.4.3, Spring v6.2.3 
2025-02-28T17:19:55.794Z INFO  env="qa" service_name="springdemo-qa" thread="restartedMain" request_id="" request_url="" user_id="" product_id="" class="c.s.springdemo.SpringdemoApplication" The following 1 profile is active: "qa" 
2025-02-28T17:19:56.303Z INFO  env="qa" service_name="springdemo-qa" thread="restartedMain" request_id="" request_url="" user_id="" product_id="" class="c.s.springdemo.SpringdemoApplication" Started SpringdemoApplication in 0.531 seconds (process running for 2456.494) 
2025-02-28T17:25:09.129Z INFO  env="qa" service_name="springdemo-qa" thread="restartedMain" mdc_key="" request_url="" user_id="" product_id="" class="c.s.springdemo.SpringdemoApplication" Starting SpringdemoApplication v1.2 using Java 17.0.13 with PID 38820 (C:\Users\qyang\code\study\selflearning\springdemo\target\classes started by qyang in C:\Users\qyang\code\study\selflearning\springdemo) 
2025-02-28T17:25:09.129Z DEBUG env="qa" service_name="springdemo-qa" thread="restartedMain" mdc_key="" request_url="" user_id="" product_id="" class="c.s.springdemo.SpringdemoApplication" Running with Spring Boot v3.4.3, Spring v6.2.3 
2025-02-28T17:25:09.129Z INFO  env="qa" service_name="springdemo-qa" thread="restartedMain" mdc_key="" request_url="" user_id="" product_id="" class="c.s.springdemo.SpringdemoApplication" The following 1 profile is active: "qa" 
2025-02-28T17:25:09.519Z INFO  env="qa" service_name="springdemo-qa" thread="restartedMain" mdc_key="" request_url="" user_id="" product_id="" class="c.s.springdemo.SpringdemoApplication" Started SpringdemoApplication in 0.41 seconds (process running for 2769.711) 
2025-02-28T17:25:30.721Z INFO  env="qa" service_name="springdemo-qa" thread="restartedMain" mdc_key="" class="c.s.springdemo.SpringdemoApplication" Starting SpringdemoApplication v1.2 using Java 17.0.13 with PID 38820 (C:\Users\qyang\code\study\selflearning\springdemo\target\classes started by qyang in C:\Users\qyang\code\study\selflearning\springdemo) 
2025-02-28T17:25:30.721Z DEBUG env="qa" service_name="springdemo-qa" thread="restartedMain" mdc_key="" class="c.s.springdemo.SpringdemoApplication" Running with Spring Boot v3.4.3, Spring v6.2.3 
2025-02-28T17:25:30.721Z INFO  env="qa" service_name="springdemo-qa" thread="restartedMain" mdc_key="" class="c.s.springdemo.SpringdemoApplication" The following 1 profile is active: "qa" 
2025-02-28T17:25:31.088Z INFO  env="qa" service_name="springdemo-qa" thread="restartedMain" mdc_key="" class="c.s.springdemo.SpringdemoApplication" Started SpringdemoApplication in 0.389 seconds (process running for 2791.279) 
2025-02-28T17:33:37.848Z INFO  env="qa" service_name="springdemo-qa" thread="restartedMain" mdc_key="" class="c.s.springdemo.SpringdemoApplication" Starting SpringdemoApplication v1.2 using Java 17.0.13 with PID 28084 (C:\Users\qyang\code\study\selflearning\springdemo\target\classes started by qyang in C:\Users\qyang\code\study\selflearning\springdemo) 
2025-02-28T17:33:37.851Z DEBUG env="qa" service_name="springdemo-qa" thread="restartedMain" mdc_key="" class="c.s.springdemo.SpringdemoApplication" Running with Spring Boot v3.4.3, Spring v6.2.3 
2025-02-28T17:33:37.852Z INFO  env="qa" service_name="springdemo-qa" thread="restartedMain" mdc_key="" class="c.s.springdemo.SpringdemoApplication" The following 1 profile is active: "qa" 
2025-02-28T17:33:47.323Z INFO  env="qa" service_name="springdemo-qa" thread="restartedMain" mdc_key="" class="c.s.springdemo.SpringdemoApplication" Started SpringdemoApplication in 10.013 seconds (process running for 10.483) 
2025-02-28T17:34:05.419Z INFO  env="qa" service_name="springdemo-qa" thread="restartedMain" mdc_key="" class="c.s.springdemo.SpringdemoApplication" Starting SpringdemoApplication v1.2 using Java 17.0.13 with PID 28084 (C:\Users\qyang\code\study\selflearning\springdemo\target\classes started by qyang in C:\Users\qyang\code\study\selflearning\springdemo) 
2025-02-28T17:34:05.420Z DEBUG env="qa" service_name="springdemo-qa" thread="restartedMain" mdc_key="" class="c.s.springdemo.SpringdemoApplication" Running with Spring Boot v3.4.3, Spring v6.2.3 
2025-02-28T17:34:05.420Z INFO  env="qa" service_name="springdemo-qa" thread="restartedMain" mdc_key="" class="c.s.springdemo.SpringdemoApplication" The following 1 profile is active: "qa" 
2025-02-28T17:34:06.869Z INFO  env="qa" service_name="springdemo-qa" thread="restartedMain" mdc_key="" class="c.s.springdemo.SpringdemoApplication" Started SpringdemoApplication in 1.516 seconds (process running for 30.03) 
2025-02-28T17:34:09.459Z INFO  env="qa" service_name="springdemo-qa" thread="restartedMain" mdc_key="" class="c.s.springdemo.SpringdemoApplication" Starting SpringdemoApplication v1.2 using Java 17.0.13 with PID 28084 (C:\Users\qyang\code\study\selflearning\springdemo\target\classes started by qyang in C:\Users\qyang\code\study\selflearning\springdemo) 
2025-02-28T17:34:09.459Z DEBUG env="qa" service_name="springdemo-qa" thread="restartedMain" mdc_key="" class="c.s.springdemo.SpringdemoApplication" Running with Spring Boot v3.4.3, Spring v6.2.3 
2025-02-28T17:34:09.459Z INFO  env="qa" service_name="springdemo-qa" thread="restartedMain" mdc_key="" class="c.s.springdemo.SpringdemoApplication" The following 1 profile is active: "qa" 
2025-02-28T17:34:10.047Z DEBUG env="qa" service_name="springdemo-qa" thread="restartedMain" mdc_key="" class="c.s.springdemo.filter.PrecedingMdcFilter" Filter 'precedingMdcFilter' configured for use 
2025-02-28T17:34:10.546Z INFO  env="qa" service_name="springdemo-qa" thread="restartedMain" mdc_key="" class="c.s.springdemo.SpringdemoApplication" Started SpringdemoApplication in 1.136 seconds (process running for 33.706) 
2025-02-28T17:37:05.568Z INFO  env="qa" service_name="springdemo-qa" thread="restartedMain" mdc_key="" class="c.s.springdemo.SpringdemoApplication" Starting SpringdemoApplication v1.2 using Java 17.0.13 with PID 35968 (C:\Users\qyang\code\study\selflearning\springdemo\target\classes started by qyang in C:\Users\qyang\code\study\selflearning\springdemo) 
2025-02-28T17:37:05.570Z DEBUG env="qa" service_name="springdemo-qa" thread="restartedMain" mdc_key="" class="c.s.springdemo.SpringdemoApplication" Running with Spring Boot v3.4.3, Spring v6.2.3 
2025-02-28T17:37:05.571Z INFO  env="qa" service_name="springdemo-qa" thread="restartedMain" mdc_key="" class="c.s.springdemo.SpringdemoApplication" The following 1 profile is active: "qa" 
2025-02-28T17:37:09.068Z DEBUG env="qa" service_name="springdemo-qa" thread="restartedMain" mdc_key="" class="c.s.springdemo.filter.PrecedingMdcFilter" Filter 'precedingMdcFilter' configured for use 
2025-02-28T17:37:15.548Z INFO  env="qa" service_name="springdemo-qa" thread="restartedMain" mdc_key="" class="c.s.springdemo.SpringdemoApplication" Started SpringdemoApplication in 10.526 seconds (process running for 11.085) 
2025-02-28T17:38:15.634Z INFO  env="qa" service_name="springdemo-qa" thread="restartedMain" mdc_key="" class="c.s.springdemo.SpringdemoApplication" Starting SpringdemoApplication v1.2 using Java 17.0.13 with PID 35968 (C:\Users\qyang\code\study\selflearning\springdemo\target\classes started by qyang in C:\Users\qyang\code\study\selflearning\springdemo) 
2025-02-28T17:38:15.634Z DEBUG env="qa" service_name="springdemo-qa" thread="restartedMain" mdc_key="" class="c.s.springdemo.SpringdemoApplication" Running with Spring Boot v3.4.3, Spring v6.2.3 
2025-02-28T17:38:15.634Z INFO  env="qa" service_name="springdemo-qa" thread="restartedMain" mdc_key="" class="c.s.springdemo.SpringdemoApplication" The following 1 profile is active: "qa" 
2025-02-28T17:38:16.129Z DEBUG env="qa" service_name="springdemo-qa" thread="restartedMain" mdc_key="" class="c.s.springdemo.filter.PrecedingMdcFilter" Filter 'precedingMdcFilter' configured for use 
2025-02-28T17:38:16.725Z INFO  env="qa" service_name="springdemo-qa" thread="restartedMain" mdc_key="" class="c.s.springdemo.SpringdemoApplication" Started SpringdemoApplication in 1.129 seconds (process running for 72.262) 
2025-02-28T17:38:17.919Z DEBUG env="qa" service_name="springdemo-qa" thread="http-nio-8080-exec-1" mdc_key="mdc value" class="c.s.s.store.controller.JPACustomerController" ===Debug message 
2025-02-28T17:38:17.919Z INFO  env="qa" service_name="springdemo-qa" thread="http-nio-8080-exec-1" mdc_key="mdc value" class="c.s.s.store.controller.JPACustomerController" ===Info message 
2025-02-28T17:38:17.920Z WARN  env="qa" service_name="springdemo-qa" thread="http-nio-8080-exec-1" mdc_key="mdc value" class="c.s.s.store.controller.JPACustomerController" ===Warning message 
2025-02-28T17:38:17.920Z ERROR env="qa" service_name="springdemo-qa" thread="http-nio-8080-exec-1" mdc_key="mdc value" class="c.s.s.store.controller.JPACustomerController" ===Error message 
2025-02-28T17:38:18.597Z INFO  env="qa" service_name="springdemo-qa" thread="restartedMain" mdc_key="" class="c.s.springdemo.SpringdemoApplication" Starting SpringdemoApplication v1.2 using Java 17.0.13 with PID 35968 (C:\Users\qyang\code\study\selflearning\springdemo\target\classes started by qyang in C:\Users\qyang\code\study\selflearning\springdemo) 
2025-02-28T17:38:18.597Z DEBUG env="qa" service_name="springdemo-qa" thread="restartedMain" mdc_key="" class="c.s.springdemo.SpringdemoApplication" Running with Spring Boot v3.4.3, Spring v6.2.3 
2025-02-28T17:38:18.597Z INFO  env="qa" service_name="springdemo-qa" thread="restartedMain" mdc_key="" class="c.s.springdemo.SpringdemoApplication" The following 1 profile is active: "qa" 
2025-02-28T17:38:19.008Z DEBUG env="qa" service_name="springdemo-qa" thread="restartedMain" mdc_key="" class="c.s.springdemo.filter.PrecedingMdcFilter" Filter 'precedingMdcFilter' configured for use 
2025-02-28T17:38:19.400Z INFO  env="qa" service_name="springdemo-qa" thread="restartedMain" mdc_key="" class="c.s.springdemo.SpringdemoApplication" Started SpringdemoApplication in 0.833 seconds (process running for 74.936) 
2025-02-28T17:38:30.635Z DEBUG env="qa" service_name="springdemo-qa" thread="http-nio-8080-exec-1" mdc_key="mdc value" class="c.s.s.store.controller.JPACustomerController" ===Debug message 
2025-02-28T17:38:30.636Z INFO  env="qa" service_name="springdemo-qa" thread="http-nio-8080-exec-1" mdc_key="mdc value" class="c.s.s.store.controller.JPACustomerController" ===Info message 
2025-02-28T17:38:30.636Z WARN  env="qa" service_name="springdemo-qa" thread="http-nio-8080-exec-1" mdc_key="mdc value" class="c.s.s.store.controller.JPACustomerController" ===Warning message 
2025-02-28T17:38:30.636Z ERROR env="qa" service_name="springdemo-qa" thread="http-nio-8080-exec-1" mdc_key="mdc value" class="c.s.s.store.controller.JPACustomerController" ===Error message 
2025-02-28T17:59:50.698Z INFO  env="qa" service_name="springdemo-qa" thread="restartedMain" mdc_key="" class="c.s.springdemo.SpringdemoApplication" Starting SpringdemoApplication v1.2 using Java 17.0.13 with PID 61660 (C:\Users\qyang\code\study\selflearning\springdemo\target\classes started by qyang in C:\Users\qyang\code\study\selflearning\springdemo) 
2025-02-28T17:59:50.702Z DEBUG env="qa" service_name="springdemo-qa" thread="restartedMain" mdc_key="" class="c.s.springdemo.SpringdemoApplication" Running with Spring Boot v3.4.3, Spring v6.2.3 
2025-02-28T17:59:50.703Z INFO  env="qa" service_name="springdemo-qa" thread="restartedMain" mdc_key="" class="c.s.springdemo.SpringdemoApplication" The following 1 profile is active: "qa" 
2025-02-28T17:59:53.401Z DEBUG env="qa" service_name="springdemo-qa" thread="restartedMain" mdc_key="" class="c.s.springdemo.filter.PrecedingMdcFilter" Filter 'precedingMdcFilter' configured for use 
2025-02-28T18:00:00.219Z INFO  env="qa" service_name="springdemo-qa" thread="restartedMain" mdc_key="" class="c.s.springdemo.SpringdemoApplication" Started SpringdemoApplication in 10.049 seconds (process running for 10.508) 
2025-02-28T18:00:10.472Z DEBUG env="qa" service_name="springdemo-qa" thread="http-nio-8080-exec-1" mdc_key="" class="c.s.s.store.controller.JPACustomerController" ===Debug message 
2025-02-28T18:00:10.472Z INFO  env="qa" service_name="springdemo-qa" thread="http-nio-8080-exec-1" mdc_key="" class="c.s.s.store.controller.JPACustomerController" ===Info message 
2025-02-28T18:00:10.473Z WARN  env="qa" service_name="springdemo-qa" thread="http-nio-8080-exec-1" mdc_key="" class="c.s.s.store.controller.JPACustomerController" ===Warning message 
2025-02-28T18:00:10.473Z ERROR env="qa" service_name="springdemo-qa" thread="http-nio-8080-exec-1" mdc_key="" class="c.s.s.store.controller.JPACustomerController" ===Error message 
2025-02-28T18:00:19.166Z DEBUG env="qa" service_name="springdemo-qa" thread="http-nio-8080-exec-3" mdc_key="" class="c.s.s.store.controller.JPACustomerController" ===Debug message 
2025-02-28T18:00:19.167Z INFO  env="qa" service_name="springdemo-qa" thread="http-nio-8080-exec-3" mdc_key="" class="c.s.s.store.controller.JPACustomerController" ===Info message 
2025-02-28T18:00:19.167Z WARN  env="qa" service_name="springdemo-qa" thread="http-nio-8080-exec-3" mdc_key="" class="c.s.s.store.controller.JPACustomerController" ===Warning message 
2025-02-28T18:00:19.167Z ERROR env="qa" service_name="springdemo-qa" thread="http-nio-8080-exec-3" mdc_key="" class="c.s.s.store.controller.JPACustomerController" ===Error message 
2025-02-28T18:00:54.422Z INFO  env="qa" service_name="springdemo-qa" thread="restartedMain" mdc_key="" class="c.s.springdemo.SpringdemoApplication" Starting SpringdemoApplication v1.2 using Java 17.0.13 with PID 61660 (C:\Users\qyang\code\study\selflearning\springdemo\target\classes started by qyang in C:\Users\qyang\code\study\selflearning\springdemo) 
2025-02-28T18:00:54.422Z DEBUG env="qa" service_name="springdemo-qa" thread="restartedMain" mdc_key="" class="c.s.springdemo.SpringdemoApplication" Running with Spring Boot v3.4.3, Spring v6.2.3 
2025-02-28T18:00:54.422Z INFO  env="qa" service_name="springdemo-qa" thread="restartedMain" mdc_key="" class="c.s.springdemo.SpringdemoApplication" The following 1 profile is active: "qa" 
2025-02-28T18:00:54.799Z DEBUG env="qa" service_name="springdemo-qa" thread="restartedMain" mdc_key="" class="c.s.springdemo.filter.PrecedingMdcFilter" Filter 'precedingMdcFilter' configured for use 
2025-02-28T18:00:55.255Z INFO  env="qa" service_name="springdemo-qa" thread="restartedMain" mdc_key="" class="c.s.springdemo.SpringdemoApplication" Started SpringdemoApplication in 0.873 seconds (process running for 65.544) 
2025-02-28T18:00:57.191Z INFO  env="qa" service_name="springdemo-qa" thread="restartedMain" mdc_key="" class="c.s.springdemo.SpringdemoApplication" Starting SpringdemoApplication v1.2 using Java 17.0.13 with PID 61660 (C:\Users\qyang\code\study\selflearning\springdemo\target\classes started by qyang in C:\Users\qyang\code\study\selflearning\springdemo) 
2025-02-28T18:00:57.191Z DEBUG env="qa" service_name="springdemo-qa" thread="restartedMain" mdc_key="" class="c.s.springdemo.SpringdemoApplication" Running with Spring Boot v3.4.3, Spring v6.2.3 
2025-02-28T18:00:57.191Z INFO  env="qa" service_name="springdemo-qa" thread="restartedMain" mdc_key="" class="c.s.springdemo.SpringdemoApplication" The following 1 profile is active: "qa" 
2025-02-28T18:00:57.487Z DEBUG env="qa" service_name="springdemo-qa" thread="restartedMain" mdc_key="" class="c.s.springdemo.filter.PrecedingMdcFilter" Filter 'precedingMdcFilter' configured for use 
2025-02-28T18:00:57.850Z INFO  env="qa" service_name="springdemo-qa" thread="restartedMain" mdc_key="" class="c.s.springdemo.SpringdemoApplication" Started SpringdemoApplication in 0.683 seconds (process running for 68.139) 
2025-02-28T18:01:05.872Z DEBUG env="qa" service_name="springdemo-qa" thread="http-nio-8080-exec-1" mdc_key="mdc value" class="c.s.s.store.controller.JPACustomerController" ===Debug message 
2025-02-28T18:01:05.872Z INFO  env="qa" service_name="springdemo-qa" thread="http-nio-8080-exec-1" mdc_key="mdc value" class="c.s.s.store.controller.JPACustomerController" ===Info message 
2025-02-28T18:01:05.872Z WARN  env="qa" service_name="springdemo-qa" thread="http-nio-8080-exec-1" mdc_key="mdc value" class="c.s.s.store.controller.JPACustomerController" ===Warning message 
2025-02-28T18:01:05.872Z ERROR env="qa" service_name="springdemo-qa" thread="http-nio-8080-exec-1" mdc_key="mdc value" class="c.s.s.store.controller.JPACustomerController" ===Error message 
2025-02-28T18:01:06.144Z DEBUG env="qa" service_name="springdemo-qa" thread="http-nio-8080-exec-2" mdc_key="mdc value" class="c.s.s.store.controller.JPACustomerController" ===Debug message 
2025-02-28T18:01:06.144Z INFO  env="qa" service_name="springdemo-qa" thread="http-nio-8080-exec-2" mdc_key="mdc value" class="c.s.s.store.controller.JPACustomerController" ===Info message 
2025-02-28T18:01:06.144Z WARN  env="qa" service_name="springdemo-qa" thread="http-nio-8080-exec-2" mdc_key="mdc value" class="c.s.s.store.controller.JPACustomerController" ===Warning message 
2025-02-28T18:01:06.145Z ERROR env="qa" service_name="springdemo-qa" thread="http-nio-8080-exec-2" mdc_key="mdc value" class="c.s.s.store.controller.JPACustomerController" ===Error message 
2025-02-28T18:01:06.330Z DEBUG env="qa" service_name="springdemo-qa" thread="http-nio-8080-exec-3" mdc_key="mdc value" class="c.s.s.store.controller.JPACustomerController" ===Debug message 
2025-02-28T18:01:06.330Z INFO  env="qa" service_name="springdemo-qa" thread="http-nio-8080-exec-3" mdc_key="mdc value" class="c.s.s.store.controller.JPACustomerController" ===Info message 
2025-02-28T18:01:06.330Z WARN  env="qa" service_name="springdemo-qa" thread="http-nio-8080-exec-3" mdc_key="mdc value" class="c.s.s.store.controller.JPACustomerController" ===Warning message 
2025-02-28T18:01:06.330Z ERROR env="qa" service_name="springdemo-qa" thread="http-nio-8080-exec-3" mdc_key="mdc value" class="c.s.s.store.controller.JPACustomerController" ===Error message 
2025-02-28T18:01:06.508Z DEBUG env="qa" service_name="springdemo-qa" thread="http-nio-8080-exec-4" mdc_key="mdc value" class="c.s.s.store.controller.JPACustomerController" ===Debug message 
2025-02-28T18:01:06.509Z INFO  env="qa" service_name="springdemo-qa" thread="http-nio-8080-exec-4" mdc_key="mdc value" class="c.s.s.store.controller.JPACustomerController" ===Info message 
2025-02-28T18:01:06.509Z WARN  env="qa" service_name="springdemo-qa" thread="http-nio-8080-exec-4" mdc_key="mdc value" class="c.s.s.store.controller.JPACustomerController" ===Warning message 
2025-02-28T18:01:06.509Z ERROR env="qa" service_name="springdemo-qa" thread="http-nio-8080-exec-4" mdc_key="mdc value" class="c.s.s.store.controller.JPACustomerController" ===Error message 
2025-02-28T18:44:39.312Z INFO  env="qa" service_name="springdemo-qa" thread="restartedMain" mdc_key="" class="c.s.springdemo.SpringdemoApplication" Starting SpringdemoApplication v1.2 using Java 17.0.13 with PID 61660 (C:\Users\qyang\code\study\selflearning\springdemo\target\classes started by qyang in C:\Users\qyang\code\study\selflearning\springdemo) 
2025-02-28T18:44:39.312Z DEBUG env="qa" service_name="springdemo-qa" thread="restartedMain" mdc_key="" class="c.s.springdemo.SpringdemoApplication" Running with Spring Boot v3.4.3, Spring v6.2.3 
2025-02-28T18:44:39.312Z INFO  env="qa" service_name="springdemo-qa" thread="restartedMain" mdc_key="" class="c.s.springdemo.SpringdemoApplication" The following 1 profile is active: "qa" 
2025-02-28T18:44:39.569Z DEBUG env="qa" service_name="springdemo-qa" thread="restartedMain" mdc_key="" class="c.s.springdemo.filter.PrecedingMdcFilter" Filter 'precedingMdcFilter' configured for use 
2025-02-28T18:44:39.852Z INFO  env="qa" service_name="springdemo-qa" thread="restartedMain" mdc_key="" class="c.s.springdemo.SpringdemoApplication" Started SpringdemoApplication in 0.567 seconds (process running for 2690.141) 
2025-02-28T18:46:58.945Z INFO  env="qa" service_name="springdemo-qa" thread="restartedMain" mdc_key="" class="c.s.springdemo.SpringdemoApplication" Starting SpringdemoApplication v1.2 using Java 17.0.13 with PID 61660 (C:\Users\qyang\code\study\selflearning\springdemo\target\classes started by qyang in C:\Users\qyang\code\study\selflearning\springdemo) 
2025-02-28T18:46:58.946Z DEBUG env="qa" service_name="springdemo-qa" thread="restartedMain" mdc_key="" class="c.s.springdemo.SpringdemoApplication" Running with Spring Boot v3.4.3, Spring v6.2.3 
2025-02-28T18:46:58.946Z INFO  env="qa" service_name="springdemo-qa" thread="restartedMain" mdc_key="" class="c.s.springdemo.SpringdemoApplication" The following 1 profile is active: "qa" 
2025-02-28T18:46:59.179Z DEBUG env="qa" service_name="springdemo-qa" thread="restartedMain" mdc_key="" class="c.s.springdemo.filter.PrecedingMdcFilter" Filter 'precedingMdcFilter' configured for use 
2025-02-28T18:46:59.460Z INFO  env="qa" service_name="springdemo-qa" thread="restartedMain" mdc_key="" class="c.s.springdemo.SpringdemoApplication" Started SpringdemoApplication in 0.536 seconds (process running for 2829.749) 
2025-02-28T18:47:31.133Z INFO  env="qa" service_name="springdemo-qa" thread="restartedMain" mdc_key="" class="c.s.springdemo.SpringdemoApplication" Starting SpringdemoApplication v1.2 using Java 17.0.13 with PID 61660 (C:\Users\qyang\code\study\selflearning\springdemo\target\classes started by qyang in C:\Users\qyang\code\study\selflearning\springdemo) 
2025-02-28T18:47:31.134Z DEBUG env="qa" service_name="springdemo-qa" thread="restartedMain" mdc_key="" class="c.s.springdemo.SpringdemoApplication" Running with Spring Boot v3.4.3, Spring v6.2.3 
2025-02-28T18:47:31.134Z INFO  env="qa" service_name="springdemo-qa" thread="restartedMain" mdc_key="" class="c.s.springdemo.SpringdemoApplication" The following 1 profile is active: "qa" 
2025-02-28T18:47:31.352Z DEBUG env="qa" service_name="springdemo-qa" thread="restartedMain" mdc_key="" class="c.s.springdemo.filter.PrecedingMdcFilter" Filter 'precedingMdcFilter' configured for use 
2025-02-28T18:47:31.656Z INFO  env="qa" service_name="springdemo-qa" thread="restartedMain" mdc_key="" class="c.s.springdemo.SpringdemoApplication" Started SpringdemoApplication in 0.544 seconds (process running for 2861.944) 
2025-02-28T18:47:34.536Z INFO  env="qa" service_name="springdemo-qa" thread="restartedMain" mdc_key="" class="c.s.springdemo.SpringdemoApplication" Starting SpringdemoApplication v1.2 using Java 17.0.13 with PID 61660 (C:\Users\qyang\code\study\selflearning\springdemo\target\classes started by qyang in C:\Users\qyang\code\study\selflearning\springdemo) 
2025-02-28T18:47:34.537Z DEBUG env="qa" service_name="springdemo-qa" thread="restartedMain" mdc_key="" class="c.s.springdemo.SpringdemoApplication" Running with Spring Boot v3.4.3, Spring v6.2.3 
2025-02-28T18:47:34.537Z INFO  env="qa" service_name="springdemo-qa" thread="restartedMain" mdc_key="" class="c.s.springdemo.SpringdemoApplication" The following 1 profile is active: "qa" 
2025-02-28T18:47:34.756Z DEBUG env="qa" service_name="springdemo-qa" thread="restartedMain" mdc_key="" class="c.s.springdemo.filter.PrecedingMdcFilter" Filter 'precedingMdcFilter' configured for use 
2025-02-28T18:47:35.119Z INFO  env="qa" service_name="springdemo-qa" thread="restartedMain" mdc_key="" class="c.s.springdemo.SpringdemoApplication" Started SpringdemoApplication in 0.602 seconds (process running for 2865.409) 
